Frontend/build/app/intermediates/manifest_merge_blame_file/debug/manifest-merger-blame-debug-report.txt
1<?xml version="1.0" encoding="utf-8"?>
2<manifest xmlns:android="http://schemas.android.com/apk/res/android"
3    package="com.example.login_minimalist"
4    android:versionCode="1"
5    android:versionName="1.0.0" >
6
7    <uses-sdk
8        android:minSdkVersion="16"
9        android:targetSdkVersion="28" />
10    <!--
11         Flutter needs it to communicate with the running application
12         to allow setting breakpoints, to provide hot reload, etc.
13    -->
14    <uses-permission android:name="android.permission.INTERNET" />
14-->src\main\AndroidManifest.xml:3:5-66
14-->src\main\AndroidManifest.xml:3:22-64
15    <uses-permission android:name="android.permission.ACCESS_FINE_LOCATION" /> <!-- Include required permissions for Google Maps API to run. -->
15-->[:geolocator] AndroidManifest.xml:7:5-79
15-->[:geolocator] AndroidManifest.xml:7:22-76
16    <uses-permission android:name="android.permission.ACCESS_NETWORK_STATE" />
16-->[com.google.android.gms:play-services-maps:17.0.0] AndroidManifest.xml:23:5-79
16-->[com.google.android.gms:play-services-maps:17.0.0] AndroidManifest.xml:23:22-76
17
18    <uses-feature
18-->[com.google.android.gms:play-services-maps:17.0.0] AndroidManifest.xml:26:5-28:35
19        android:glEsVersion="0x00020000"
19-->[com.google.android.gms:play-services-maps:17.0.0] AndroidManifest.xml:27:9-41
20        android:required="true" />
20-->[com.google.android.gms:play-services-maps:17.0.0] AndroidManifest.xml:28:9-32
21    <!--
22 io.flutter.app.FlutterApplication is an android.app.Application that
23         calls FlutterMain.startInitialization(this); in its onCreate method.
24         In most cases you can leave this as-is, but you if you want to provide
25         additional functionality it is fine to subclass or reimplement
26         FlutterApplication and put your custom class here.
27    -->
28    <application
28-->src\main\AndroidManifest.xml:9:5-30:19
29        android:name="io.flutter.app.FlutterApplication"
29-->src\main\AndroidManifest.xml:10:9-57
30        android:appComponentFactory="androidx.core.app.CoreComponentFactory"
30-->[androidx.core:core:1.2.0] AndroidManifest.xml:24:18-86
31        android:debuggable="true"
32        android:icon="@mipmap/ic_launcher"
32-->src\main\AndroidManifest.xml:12:9-43
33        android:label="login_minimalist" >
33-->src\main\AndroidManifest.xml:11:9-41
34        <activity
34-->src\main\AndroidManifest.xml:13:9-24:20
35            android:name="com.example.login_minimalist.MainActivity"
35-->src\main\AndroidManifest.xml:14:13-41
36            android:configChanges="orientation|keyboardHidden|keyboard|screenSize|smallestScreenSize|locale|layoutDirection|fontScale|screenLayout|density|uiMode"
36-->src\main\AndroidManifest.xml:17:13-163
37            android:hardwareAccelerated="true"
37-->src\main\AndroidManifest.xml:18:13-47
38            android:launchMode="singleTop"
38-->src\main\AndroidManifest.xml:15:13-43
39            android:theme="@style/LaunchTheme"
39-->src\main\AndroidManifest.xml:16:13-47
40            android:windowSoftInputMode="adjustResize" >
40-->src\main\AndroidManifest.xml:19:13-55
41            <intent-filter>
41-->src\main\AndroidManifest.xml:20:13-23:29
42                <action android:name="android.intent.action.MAIN" />
42-->src\main\AndroidManifest.xml:21:17-68
42-->src\main\AndroidManifest.xml:21:25-66
43
44                <category android:name="android.intent.category.LAUNCHER" />
44-->src\main\AndroidManifest.xml:22:17-76
44-->src\main\AndroidManifest.xml:22:27-74
45            </intent-filter>
46        </activity>
47        <!--
48             Don't delete the meta-data below.
49             This is used by the Flutter tool to generate GeneratedPluginRegistrant.java
50        -->
51        <meta-data
51-->src\main\AndroidManifest.xml:27:9-29:33
52            android:name="flutterEmbedding"
52-->src\main\AndroidManifest.xml:28:13-44
53            android:value="2" />
53-->src\main\AndroidManifest.xml:29:13-30
54        <!-- Needs to be explicitly declared on P+ -->
55        <uses-library
55-->[com.google.android.gms:play-services-maps:17.0.0] AndroidManifest.xml:33:9-35:40
56            android:name="org.apache.http.legacy"
56-->[com.google.android.gms:play-services-maps:17.0.0] AndroidManifest.xml:34:13-50
57            android:required="false" />
57-->[com.google.android.gms:play-services-maps:17.0.0] AndroidManifest.xml:35:13-37
58
59        <activity
59-->[com.google.android.gms:play-services-base:17.2.1] AndroidManifest.xml:23:9-26:75
60            android:name="com.google.android.gms.common.api.GoogleApiActivity"
60-->[com.google.android.gms:play-services-base:17.2.1] AndroidManifest.xml:24:13-79
61            android:exported="false"
61-->[com.google.android.gms:play-services-base:17.2.1] AndroidManifest.xml:25:13-37
62            android:theme="@android:style/Theme.Translucent.NoTitleBar" />
62-->[com.google.android.gms:play-services-base:17.2.1] AndroidManifest.xml:26:13-72
63
64        <meta-data
64-->[com.google.android.gms:play-services-basement:17.2.1] AndroidManifest.xml:23:9-25:69
65            android:name="com.google.android.gms.version"
65-->[com.google.android.gms:play-services-basement:17.2.1] AndroidManifest.xml:24:13-58
66            android:value="@integer/google_play_services_version" />
66-->[com.google.android.gms:play-services-basement:17.2.1] AndroidManifest.xml:25:13-66
67    </application>
68
69</manifest>